<?xml version="1.0" encoding="UTF-8"?>
<!-- Generated by org.testng.reporters.JUnitXMLReporter -->
<testsuite ignored="0" hostname="DESKTOP-AKPM4K1" failures="2" tests="4" name="Test" time="30.614" errors="0" timestamp="2023-07-19T02:06:31 IST">
  <testcase classname="test_cases.test_cases" name="first_image" time="8.817">
    <failure type="java.lang.AssertionError" message="expected [true] but found [false]">
      <![CDATA[java.lang.AssertionError: expected [true] but found [false]
at test_cases.test_cases.first_image(test_cases.java:45)
at java.base/java.util.ArrayList.forEach(ArrayList.java:1511)
... Removed 31 stack frames]]>
    </failure>
  </testcase> <!-- first_image -->
  <testcase classname="test_cases.test_cases" name="second_image" time="5.569">
    <failure type="java.lang.AssertionError" message="expected [true] but found [false]">
      <![CDATA[java.lang.AssertionError: expected [true] but found [false]
at test_cases.test_cases.second_image(test_cases.java:58)
at java.base/java.util.ArrayList.forEach(ArrayList.java:1511)
... Removed 31 stack frames]]>
    </failure>
  </testcase> <!-- second_image -->
  <testcase classname="test_cases.test_cases" name="third_image" time="6.068"/>
  <testcase classname="test_cases.test_cases" name="upload_file" time="5.583"/>
</testsuite> <!-- Test -->
